SshDaemon/ssh-daemon/app/build/intermediates/manifest_merge_blame_file/debug/manifest-merger-blame-debug-report.txt
1<?xml version="1.0" encoding="utf-8"?>
2<manifest xmlns:android="http://schemas.android.com/apk/res/android"
3    package="com.omegas.thanh.mayapp.ssh"
4    android:versionCode="1"
5    android:versionName="1" >
6
7    <uses-sdk
8        android:minSdkVersion="26"
8-->src\main\AndroidManifest.xml
9        android:targetSdkVersion="30" />
9-->src\main\AndroidManifest.xml
10
11    <uses-permission android:name="android.permission.INTERNET" />
11-->src\main\AndroidManifest.xml:4:5-67
11-->src\main\AndroidManifest.xml:4:22-64
12    <uses-permission android:name="android.permission.WRITE_EXTERNAL_STORAGE" />
12-->src\main\AndroidManifest.xml:5:5-81
12-->src\main\AndroidManifest.xml:5:22-78
13    <uses-permission android:name="android.permission.MANAGE_EXTERNAL_STORAGE" />
13-->src\main\AndroidManifest.xml:6:5-82
13-->src\main\AndroidManifest.xml:6:22-79
14    <uses-permission android:name="android.permission.ACCESS_NETWORK_STATE" />
14-->src\main\AndroidManifest.xml:7:5-79
14-->src\main\AndroidManifest.xml:7:22-76
15    <uses-permission android:name="android.permission.WAKE_LOCK" />
15-->src\main\AndroidManifest.xml:8:5-68
15-->src\main\AndroidManifest.xml:8:22-65
16    <uses-permission android:name="com.android.vending.BILLING" />
16-->[com.android.billingclient:billing:4.0.0] AndroidManifest.xml:10:5-67
16-->[com.android.billingclient:billing:4.0.0] AndroidManifest.xml:10:22-64
17
18    <application
18-->src\main\AndroidManifest.xml:10:5-27:19
19        android:allowBackup="false"
19-->src\main\AndroidManifest.xml:11:9-36
20        android:appComponentFactory="androidx.core.app.CoreComponentFactory"
20-->[androidx.core:core:1.3.1] AndroidManifest.xml:24:18-86
21        android:debuggable="true"
22        android:extractNativeLibs="false"
23        android:icon="@drawable/iconapp"
23-->src\main\AndroidManifest.xml:12:9-41
24        android:label="@string/app_name"
24-->src\main\AndroidManifest.xml:13:9-41
25        android:roundIcon="@drawable/iconapp"
25-->src\main\AndroidManifest.xml:14:9-46
26        android:supportsRtl="true"
26-->src\main\AndroidManifest.xml:15:9-35
27        android:testOnly="true"
28        android:theme="@style/Theme.SshDaemon" >
28-->src\main\AndroidManifest.xml:16:9-47
29        <activity android:name="com.sshdaemon.ShopActivity" />
29-->src\main\AndroidManifest.xml:17:9-59
29-->src\main\AndroidManifest.xml:17:19-47
30        <activity
30-->src\main\AndroidManifest.xml:18:9-26:20
31            android:name="com.sshdaemon.MainActivity"
31-->src\main\AndroidManifest.xml:19:13-41
32            android:configChanges="orientation|screenSize|keyboardHidden" >
32-->src\main\AndroidManifest.xml:20:13-74
33            <intent-filter>
33-->src\main\AndroidManifest.xml:21:13-25:29
34                <action android:name="android.intent.action.MAIN" />
34-->src\main\AndroidManifest.xml:22:17-69
34-->src\main\AndroidManifest.xml:22:25-66
35
36                <category android:name="android.intent.category.LAUNCHER" />
36-->src\main\AndroidManifest.xml:24:17-77
36-->src\main\AndroidManifest.xml:24:27-74
37            </intent-filter>
38        </activity>
39
40        <meta-data
40-->[com.android.billingclient:billing:4.0.0] AndroidManifest.xml:13:9-15:37
41            android:name="com.google.android.play.billingclient.version"
41-->[com.android.billingclient:billing:4.0.0] AndroidManifest.xml:14:13-73
42            android:value="4.0.0" />
42-->[com.android.billingclient:billing:4.0.0] AndroidManifest.xml:15:13-34
43
44        <activity
44-->[com.android.billingclient:billing:4.0.0] AndroidManifest.xml:17:9-21:75
45            android:name="com.android.billingclient.api.ProxyBillingActivity"
45-->[com.android.billingclient:billing:4.0.0] AndroidManifest.xml:18:13-78
46            android:configChanges="keyboard|keyboardHidden|screenLayout|screenSize|orientation"
46-->[com.android.billingclient:billing:4.0.0] AndroidManifest.xml:19:13-96
47            android:exported="false"
47-->[com.android.billingclient:billing:4.0.0] AndroidManifest.xml:20:13-37
48            android:theme="@android:style/Theme.Translucent.NoTitleBar" />
48-->[com.android.billingclient:billing:4.0.0] AndroidManifest.xml:21:13-72
49    </application>
50
51</manifest>